 Volume in drive D is Data
 Volume Serial Number is F288-EF3A

 Directory of D:\workspace\Youtube

02/13/2020  02:11 PM    <DIR>          .
02/13/2020  02:11 PM    <DIR>          ..
02/11/2020  05:32 PM             1,272 .classpath
12/25/2019  07:15 PM               559 .project
12/25/2019  07:15 PM    <DIR>          .settings
02/13/2020  09:32 AM    <DIR>          actualscreenshot
02/13/2020  02:11 PM                 0 commandprompt.log
02/12/2020  05:31 PM               265 config.properties
12/26/2019  11:14 AM    <DIR>          driver
02/13/2020  09:27 AM    <DIR>          expectedscreenshot
02/13/2020  05:19 PM    <DIR>          log
01/07/2020  02:20 PM               656 pom.xml
12/25/2019  07:13 PM    <DIR>          src
12/25/2019  07:15 PM    <DIR>          target
01/25/2020  07:00 PM    <DIR>          test-output
               5 File(s)          2,752 bytes
              10 Dir(s)  888,535,633,920 bytes free
