[0;32m-------------------------------------------------------------------------------------------------------[0m
[0;32mPRIMARY_TC_001 (step 1) is being tested ...[0m
[0;32mPassed: PRIMARY_TC_001 (step 1) Current Window is maximized.[0m
[0;32mPassed: PRIMARY_TC_001 (step 1) The tab [YouTube] is opened successfully.[0m
[0;32mPRIMARY_TC_001 (step 1) has been tested.[0m
[0;32m-------------------------------------------------------------------------------------------------------[0m
[0;32mPRIMARY_TC_001 (step 2) is being tested ...[0m
[0;32mPassed: PRIMARY_TC_001 (step 2)  The object [byMainVideoContainer_Primary] Exist.[0m
[0;32mPRIMARY_TC_001 (step 2) has been tested.[0m
[0;32m-------------------------------------------------------------------------------------------------------[0m
[0;32mPRIMARY_TC_001 (step 3) is being tested ...[0m
[0;32mPassed: PRIMARY_TC_001 (step 3) Screen Shot are fuzzy-equal.[0m
[0;32mPRIMARY_TC_001 (step 3) has been tested.[0m
[0;32m-------------------------------------------------------------------------------------------------------[0m
[0;32mPRIMARY_TC_001 (step 4) is being tested ...[0m
[0;32mPassed: PRIMARY_TC_001 (step 4) File deleted successfully[0m
[0;32mPassed: PRIMARY_TC_001 (step 4) Screen Shot are not fuzzy-equal.[0m
[0;32mPRIMARY_TC_001 (step 4) has been tested.[0m
[0;32m-------------------------------------------------------------------------------------------------------[0m
[0;32mPRIMARY_TC_001 (step 5) is being tested ...[0m
[0;32mPRIMARY_TC_001 (step 5) has been tested.[0m
[0;32m-------------------------------------------------------------------------------------------------------[0m
[0;32mPRIMARY_TC_001 (step 6) is being tested ...[0m
[0;32mPRIMARY_TC_001 (step 6) has been tested.[0m
[0;32m-------------------------------------------------------------------------------------------------------[0m
[0;32mPRIMARY_TC_001 (step 7) is being tested ...[0m
[0;32mPassed: PRIMARY_TC_001 (step 7) The browser is closed.[0m
[0;32mPRIMARY_TC_001 (step 7) has been tested.[0m
